d:\git\flexpim\x64\intermedates\debug\vc140.pdb
d:\git\flexpim\x64\intermedates\debug\vc140.idb
d:\git\flexpim\x64\intermedates\debug\allstates.obj
d:\git\flexpim\x64\intermedates\debug\assets.obj
d:\git\flexpim\x64\intermedates\debug\building.obj
d:\git\flexpim\x64\intermedates\debug\buildinghud.obj
d:\git\flexpim\x64\intermedates\debug\enemy.obj
d:\git\flexpim\x64\intermedates\debug\fortress.obj
d:\git\flexpim\x64\intermedates\debug\gameobject.obj
d:\git\flexpim\x64\intermedates\debug\hero.obj
d:\git\flexpim\x64\intermedates\debug\hud.obj
d:\git\flexpim\x64\intermedates\debug\main.obj
d:\git\flexpim\x64\intermedates\debug\movableobject.obj
d:\git\flexpim\x64\intermedates\debug\pathfinder.obj
d:\git\flexpim\x64\intermedates\debug\player.obj
d:\git\flexpim\x64\intermedates\debug\playercontroller.obj
d:\git\flexpim\x64\intermedates\debug\world.obj
d:\git\flexpim\x64\intermedates\debug\worldobjects.obj
d:\git\flexpim\x64\intermedates\debug\buildingstates.obj
d:\git\flexpim\x64\intermedates\debug\entitystates.obj
d:\git\flexpim\x64\debug\flexpim.ilk
d:\git\flexpim\x64\debug\flexpim.exe
d:\git\flexpim\x64\debug\flexpim.pdb
d:\git\flexpim\x64\intermedates\debug\flexpim.tlog\cl.command.1.tlog
d:\git\flexpim\x64\intermedates\debug\flexpim.tlog\cl.read.1.tlog
d:\git\flexpim\x64\intermedates\debug\flexpim.tlog\cl.write.1.tlog
d:\git\flexpim\x64\intermedates\debug\flexpim.tlog\link.command.1.tlog
d:\git\flexpim\x64\intermedates\debug\flexpim.tlog\link.read.1.tlog
d:\git\flexpim\x64\intermedates\debug\flexpim.tlog\link.write.1.tlog
