Build started 2016-02-15 22:51:14.
     1>Project "D:\Git\FlexPim\FlexPim\FlexPim.vcxproj" on node 2 (Build target(s)).
     1>ClCompile:
         C:\Program Files (x86)\Microsoft Visual Studio\VC\bin\x86_amd64\CL.exe /c /ID:\Git\FlexPim\\Externals\SFML64\include\ /Zi /nologo /W3 /WX- /sdl /O2 /Oi /GL /D _MBCS /Gm- /EHsc /MD /GS /Gy /fp:precise /Zc:wchar_t /Zc:forScope /Zc:inline /Fo"D:\Git\FlexPim\x64\Intermedates\Release\\" /Fd"D:\Git\FlexPim\x64\Intermedates\Release\vc140.pdb" /Gd /TP /errorReport:prompt EntityStates.cpp
         EntityStates.cpp
     1>d:\git\flexpim\flexpim\Utilities.h(104): warning C4244: 'return': conversion from 'long double' to 'const float', possible loss of data
     1>d:\git\flexpim\flexpim\Utilities.h(114): warning C4244: 'argument': conversion from 'time_t' to 'unsigned int', possible loss of data
     1>d:\git\flexpim\flexpim\Utilities.h(121): warning C4244: 'argument': conversion from 'time_t' to 'unsigned int', possible loss of data
     1>d:\git\flexpim\flexpim\WorldObjects.h(22): warning C4091: 'static ': ignored on left of 'WorldObjects' when no variable is declared
       Link:
         C:\Program Files (x86)\Microsoft Visual Studio\VC\bin\x86_amd64\link.exe /ERRORREPORT:PROMPT /OUT:"D:\Git\FlexPim\x64\Release\FlexPim.exe" /NOLOGO /LIBPATH:D:\Git\FlexPim\\Externals\SFML64\lib\ "sfml-system.lib" "sfml-graphics.lib" "sfml-window.lib" "sfml-audio.lib" "sfml-network.lib" kernel32.lib user32.lib gdi32.lib winspool.lib comdlg32.lib advapi32.lib shell32.lib ole32.lib oleaut32.lib uuid.lib odbc32.lib odbccp32.lib /MANIFEST /MANIFESTUAC:"level='asInvoker' uiAccess='false'" /manifest:embed /Debug /PDB:"D:\Git\FlexPim\x64\Release\FlexPim.pdb" /OPT:REF /OPT:ICF /LTCG:incremental /TLBID:1 /DYNAMICBASE /NXCOMPAT /IMPLIB:"D:\Git\FlexPim\x64\Release\FlexPim.lib" /MACHINE:X64 D:\Git\FlexPim\x64\Intermedates\Release\Animal.obj
         D:\Git\FlexPim\x64\Intermedates\Release\BuildingStates.obj
         D:\Git\FlexPim\x64\Intermedates\Release\EntityStates.obj
         D:\Git\FlexPim\x64\Intermedates\Release\Assets.obj
         D:\Git\FlexPim\x64\Intermedates\Release\Building.obj
         D:\Git\FlexPim\x64\Intermedates\Release\BuildingHUD.obj
         D:\Git\FlexPim\x64\Intermedates\Release\Enemy.obj
         D:\Git\FlexPim\x64\Intermedates\Release\Fortress.obj
         D:\Git\FlexPim\x64\Intermedates\Release\GameObject.obj
         D:\Git\FlexPim\x64\Intermedates\Release\GlobalStates.obj
         D:\Git\FlexPim\x64\Intermedates\Release\Goat.obj
         D:\Git\FlexPim\x64\Intermedates\Release\Hero.obj
         D:\Git\FlexPim\x64\Intermedates\Release\HUD.obj
         D:\Git\FlexPim\x64\Intermedates\Release\main.obj
         D:\Git\FlexPim\x64\Intermedates\Release\MovableObject.obj
         D:\Git\FlexPim\x64\Intermedates\Release\PathFinder.obj
         D:\Git\FlexPim\x64\Intermedates\Release\Player.obj
         D:\Git\FlexPim\x64\Intermedates\Release\PlayerController.obj
         D:\Git\FlexPim\x64\Intermedates\Release\World.obj
         D:\Git\FlexPim\x64\Intermedates\Release\WorldObjects.obj
         Generating code
         37 of 441 functions ( 8.4%) were compiled, the rest were copied from previous compilation.
           2 functions were new in current compilation
           5 functions had inline decision re-evaluated but remain unchanged
         Finished generating code
         FlexPim.vcxproj -> D:\Git\FlexPim\x64\Release\FlexPim.exe
     1>Done Building Project "D:\Git\FlexPim\FlexPim\FlexPim.vcxproj" (Build target(s)).

Build succeeded.

Time Elapsed 00:00:01.23
